C51 COMPILER V9.60.7.0   BLINK_LED                                                         05/28/2024 11:11:54 PAGE 1   


C51 COMPILER V9.60.7.0, COMPILATION OF MODULE BLINK_LED
OBJECT MODULE PLACED IN .\Objects\Blink_LED.obj
COMPILER INVOKED BY: C:\Keil_v5\C51\BIN\C51.EXE Blink_LED.c OPTIMIZE(8,SPEED) BROWSE DEBUG OBJECTEXTEND PRINT(.\Listings
                    -\Blink_LED.lst) TABS(2) OBJECT(.\Objects\Blink_LED.obj)

line level    source

   1          #include <reg51.h>
   2          sbit sw1 = P2^1;
   3          sbit sw2 = P2^2;
   4          
   5          void delay(unsigned int);
   6          void main(void)
   7          {
   8   1        sw1 = 0;
   9   1        sw2 = 0;
  10   1        while(1)
  11   1         {
  12   2           if(sw1==0 && sw2==0)
  13   2            {
  14   3              P1=0x00;
  15   3            }
  16   2            else if(sw1==0 && sw2==1)
  17   2            {
  18   3              P1=0x0F;
  19   3              delay(500);
  20   3              P1=0x00;
  21   3              delay(500);
  22   3            }
  23   2            else if(sw1==1 && sw2==0)
  24   2            {
  25   3              P1=0xF0;
  26   3              delay(500);
  27   3              P1=0x00;
  28   3              delay(500);
  29   3            }
  30   2            else if(sw1==1 && sw2==1)
  31   2            {
  32   3              P1=0xFF;
  33   3              delay(500);
  34   3              P1=0x00;
  35   3              delay(500);
  36   3            }
  37   2         }  
  38   1      }
  39          void delay(unsigned int t)
  40          {
  41   1        unsigned int i,j;
  42   1        for(i=0;i<t;i++)
  43   1        for(j=0;j<1275;j++); // For 1ms, for loop need to iterate 1275 times.  
  44   1      }


MODULE INFORMATION:   STATIC OVERLAYABLE
   CODE SIZE        =     99    ----
   CONSTANT SIZE    =   ----    ----
   XDATA SIZE       =   ----    ----
   PDATA SIZE       =   ----    ----
   DATA SIZE        =   ----    ----
   IDATA SIZE       =   ----    ----
   BIT SIZE         =   ----    ----
C51 COMPILER V9.60.7.0   BLINK_LED                                                         05/28/2024 11:11:54 PAGE 2   

END OF MODULE INFORMATION.


C51 COMPILATION COMPLETE.  0 WARNING(S),  0 ERROR(S)
